Sat Sep 10 18:32:01 CEST 2011: Creating new db @ /Users/namxam/packages/neo4j-community-1.4.1.test/data/graph.db/neostore
Sat Sep 10 18:32:01 CEST 2011: Opened [/Users/namxam/packages/neo4j-community-1.4.1.test/data/graph.db/nioneo_logical.log.1] clean empty log, version=0
Sat Sep 10 18:32:01 CEST 2011: Opened [/Users/namxam/packages/neo4j-community-1.4.1.test/data/graph.db/index/lucene.log.1] clean empty log, version=0
Sat Sep 10 18:32:01 CEST 2011: TM new log: tm_tx_log.1
Sat Sep 10 18:32:01 CEST 2011: --- CONFIGURATION START ---
Sat Sep 10 18:32:01 CEST 2011: Physical mem: 8192MB, Heap size: 1763MB
Sat Sep 10 18:32:01 CEST 2011: Kernel version: Neo4j - Graph Database Kernel 1.4.1
Sat Sep 10 18:32:01 CEST 2011: Neo4j - Graph Database Kernel 1.4.1
Sat Sep 10 18:32:01 CEST 2011: Operating System: Mac OS X; version: 10.7.1; arch: x86_64; cpus: 2
Sat Sep 10 18:32:01 CEST 2011: VM Name: Java HotSpot(TM) 64-Bit Server VM
Sat Sep 10 18:32:01 CEST 2011: VM Vendor: Apple Inc.
Sat Sep 10 18:32:01 CEST 2011: VM Version: 20.1-b02-383
Sat Sep 10 18:32:01 CEST 2011: Boot Class Path: /System/Library/Java/JavaVirtualMachines/1.6.0.jdk/Contents/Classes/jsfd.jar:/System/Library/Java/JavaVirtualMachines/1.6.0.jdk/Contents/Classes/classes.jar:/System/Library/Frameworks/JavaVM.framework/Frameworks/JavaRuntimeSupport.framework/Resources/Java/JavaRuntimeSupport.jar:/System/Library/Java/JavaVirtualMachines/1.6.0.jdk/Contents/Classes/ui.jar:/System/Library/Java/JavaVirtualMachines/1.6.0.jdk/Contents/Classes/laf.jar:/System/Library/Java/JavaVirtualMachines/1.6.0.jdk/Contents/Classes/sunrsasign.jar:/System/Library/Java/JavaVirtualMachines/1.6.0.jdk/Contents/Classes/jsse.jar:/System/Library/Java/JavaVirtualMachines/1.6.0.jdk/Contents/Classes/jce.jar:/System/Library/Java/JavaVirtualMachines/1.6.0.jdk/Contents/Classes/charsets.jar
Sat Sep 10 18:32:01 CEST 2011: Class Path: /Users/namxam/packages/neo4jtest/lib/geronimo-jta_1.1_spec-1.1.1.jar:/Users/namxam/packages/neo4jtest/lib/lucene-core-3.1.0.jar:/Users/namxam/packages/neo4jtest/lib/neo4j-community-1.4.1.jar:/Users/namxam/packages/neo4jtest/lib/neo4j-cypher-1.4.1.jar:/Users/namxam/packages/neo4jtest/lib/neo4j-graph-algo-1.4.1.jar:/Users/namxam/packages/neo4jtest/lib/neo4j-graph-matching-1.4.1.jar:/Users/namxam/packages/neo4jtest/lib/neo4j-jmx-1.4.1.jar:/Users/namxam/packages/neo4jtest/lib/neo4j-kernel-1.4.1-tests.jar:/Users/namxam/packages/neo4jtest/lib/neo4j-kernel-1.4.1.jar:/Users/namxam/packages/neo4jtest/lib/neo4j-lucene-index-1.4.1.jar:/Users/namxam/packages/neo4jtest/lib/neo4j-shell-1.4.1.jar:/Users/namxam/packages/neo4jtest/lib/neo4j-udc-1.4.1.jar:/Users/namxam/packages/neo4jtest/lib/org.apache.servicemix.bundles.jline-0.9.94_1.jar:/Users/namxam/packages/neo4jtest/lib/scala-library-2.9.0-1.jar:/Users/namxam/packages/neo4jtest/lib/server-api-1.4.1.jar:/Users/namxam/packages/neo4jtest/system/lib/antlr-2.7.7.jar:/Users/namxam/packages/neo4jtest/system/lib/asm-3.1.jar:/Users/namxam/packages/neo4jtest/system/lib/asm-analysis-3.2.jar:/Users/namxam/packages/neo4jtest/system/lib/asm-commons-3.2.jar:/Users/namxam/packages/neo4jtest/system/lib/asm-tree-3.2.jar:/Users/namxam/packages/neo4jtest/system/lib/asm-util-3.2.jar:/Users/namxam/packages/neo4jtest/system/lib/blueprints-core-0.8.jar:/Users/namxam/packages/neo4jtest/system/lib/blueprints-neo4j-graph-0.8.jar:/Users/namxam/packages/neo4jtest/system/lib/commons-beanutils-1.8.0.jar:/Users/namxam/packages/neo4jtest/system/lib/commons-beanutils-core-1.8.0.jar:/Users/namxam/packages/neo4jtest/system/lib/commons-collections-3.2.1.jar:/Users/namxam/packages/neo4jtest/system/lib/commons-configuration-1.6.jar:/Users/namxam/packages/neo4jtest/system/lib/commons-digester-1.8.1.jar:/Users/namxam/packages/neo4jtest/system/lib/commons-io-1.4.jar:/Users/namxam/packages/neo4jtest/system/lib/commons-lang-2.4.jar:/Users/namxam/packages/neo4jtest/system/lib/commons-logging-1.1.1.jar:/Users/namxam/packages/neo4jtest/system/lib/de.huxhorn.lilith.3rdparty.rrd4j-2.0.5.jar:/Users/namxam/packages/neo4jtest/system/lib/gremlin-1.1.jar:/Users/namxam/packages/neo4jtest/system/lib/groovy-1.7.8.jar:/Users/namxam/packages/neo4jtest/system/lib/jackson-core-asl-1.6.1.jar:/Users/namxam/packages/neo4jtest/system/lib/jackson-jaxrs-1.6.1.jar:/Users/namxam/packages/neo4jtest/system/lib/jackson-mapper-asl-1.6.1.jar:/Users/namxam/packages/neo4jtest/system/lib/jansi-1.5.jar:/Users/namxam/packages/neo4jtest/system/lib/jcl-over-slf4j-1.6.1.jar:/Users/namxam/packages/neo4jtest/system/lib/jersey-client-1.4.jar:/Users/namxam/packages/neo4jtest/system/lib/jersey-core-1.3.jar:/Users/namxam/packages/neo4jtest/system/lib/jersey-multipart-1.3.jar:/Users/namxam/packages/neo4jtest/system/lib/jersey-server-1.3.jar:/Users/namxam/packages/neo4jtest/system/lib/jettison-1.3.jar:/Users/namxam/packages/neo4jtest/system/lib/jetty-6.1.25.jar:/Users/namxam/packages/neo4jtest/system/lib/jetty-util-6.1.25.jar:/Users/namxam/packages/neo4jtest/system/lib/jsr311-api-1.1.1.jar:/Users/namxam/packages/neo4jtest/system/lib/log4j-over-slf4j-1.6.1.jar:/Users/namxam/packages/neo4jtest/system/lib/mimepull-1.4.jar:/Users/namxam/packages/neo4jtest/system/lib/neo4j-cypher-plugin-1.4.1.jar:/Users/namxam/packages/neo4jtest/system/lib/neo4j-gremlin-plugin-1.4.1.jar:/Users/namxam/packages/neo4jtest/system/lib/neo4j-server-1.4.1-static-web.jar:/Users/namxam/packages/neo4jtest/system/lib/neo4j-server-1.4.1.jar:/Users/namxam/packages/neo4jtest/system/lib/org.apache.felix.fileinstall-3.0.2.jar:/Users/namxam/packages/neo4jtest/system/lib/org.apache.felix.framework-3.0.2.jar:/Users/namxam/packages/neo4jtest/system/lib/org.apache.felix.main-3.0.2.jar:/Users/namxam/packages/neo4jtest/system/lib/org.osgi.compendium-4.1.0.jar:/Users/namxam/packages/neo4jtest/system/lib/org.osgi.core-4.1.0.jar:/Users/namxam/packages/neo4jtest/system/lib/pipes-0.6.jar:/Users/namxam/packages/neo4jtest/system/lib/servlet-api-2.5-20081211.jar:/Users/namxam/packages/neo4jtest/system/lib/slf4j-api-1.6.1.jar:/Users/namxam/packages/neo4jtest/system/lib/slf4j-jdk14-1.6.1.jar:/Users/namxam/packages/neo4jtest/system/lib/stax-api-1.0.1.jar
Sat Sep 10 18:32:01 CEST 2011: Library Path: /usr/local/mysql/lib::.:/Library/Java/Extensions:/System/Library/Java/Extensions:/usr/lib/java
Sat Sep 10 18:32:01 CEST 2011: Garbage Collector: PS Scavenge: [PS Eden Space, PS Survivor Space]
Sat Sep 10 18:32:01 CEST 2011: Garbage Collector: PS MarkSweep: [PS Eden Space, PS Survivor Space, PS Old Gen, PS Perm Gen]
Sat Sep 10 18:32:01 CEST 2011: VM Arguments: [-Xserver, -Dorg.neo4j.server.properties=conf/neo4j-server.properties, -Djava.util.logging.config.file=conf/logging.properties, -Dlog4j.configuration=file:conf/log4j.properties, -Dorg.neo4j.server.properties=/Users/namxam/packages/neo4jtest/conf/neo4j-server.properties, -Djava.util.logging.config.file=/Users/namxam/packages/neo4jtest/conf/logging.properties, -Dneo4j.home=/Users/namxam/packages/neo4jtest, -Dneo4j.instance=/Users/namxam/packages/neo4jtest]
Sat Sep 10 18:32:01 CEST 2011: 
Sat Sep 10 18:32:01 CEST 2011: create=true
Sat Sep 10 18:32:01 CEST 2011: enable_remote_shell=true
Sat Sep 10 18:32:01 CEST 2011: keep_logical_logs=true
Sat Sep 10 18:32:01 CEST 2011: logical_log=/Users/namxam/packages/neo4j-community-1.4.1.test/data/graph.db/nioneo_logical.log
Sat Sep 10 18:32:01 CEST 2011: neo4j.ext.udc.source=server
Sat Sep 10 18:32:01 CEST 2011: neo_store=/Users/namxam/packages/neo4j-community-1.4.1.test/data/graph.db/neostore
Sat Sep 10 18:32:01 CEST 2011: neostore.nodestore.db.mapped_memory=25M
Sat Sep 10 18:32:01 CEST 2011: neostore.propertystore.db.arrays.mapped_memory=130M
Sat Sep 10 18:32:01 CEST 2011: neostore.propertystore.db.index.keys.mapped_memory=1M
Sat Sep 10 18:32:01 CEST 2011: neostore.propertystore.db.index.mapped_memory=1M
Sat Sep 10 18:32:01 CEST 2011: neostore.propertystore.db.mapped_memory=90M
Sat Sep 10 18:32:01 CEST 2011: neostore.propertystore.db.strings.mapped_memory=130M
Sat Sep 10 18:32:01 CEST 2011: neostore.relationshipstore.db.mapped_memory=50M
Sat Sep 10 18:32:01 CEST 2011: node_auto_indexing=false
Sat Sep 10 18:32:01 CEST 2011: rebuild_idgenerators_fast=true
Sat Sep 10 18:32:01 CEST 2011: relationship_auto_indexing=false
Sat Sep 10 18:32:01 CEST 2011: store_dir=/Users/namxam/packages/neo4j-community-1.4.1.test/data/graph.db
Sat Sep 10 18:32:01 CEST 2011: use_memory_mapped_buffers=true
Sat Sep 10 18:32:01 CEST 2011: --- CONFIGURATION END ---
Sat Sep 10 18:32:01 CEST 2011: Extension org.neo4j.kernel.KernelExtension[kernel jmx] loaded ok
Sat Sep 10 18:32:01 CEST 2011: Extension org.neo4j.kernel.KernelExtension[dummy] loaded ok
Sat Sep 10 18:32:01 CEST 2011: Extension org.neo4j.kernel.KernelExtension[other dummy] loaded ok
Sat Sep 10 18:32:02 CEST 2011: Extension org.neo4j.kernel.KernelExtension[shell] loaded ok
Sat Sep 10 18:32:02 CEST 2011: Extension org.neo4j.kernel.KernelExtension[kernel udc] loaded ok
Sat Sep 10 18:37:06 CEST 2011: Closed log /Users/namxam/packages/neo4j-community-1.4.1.test/data/graph.db/nioneo_logical.log
Sat Sep 10 18:37:06 CEST 2011: NeoStore closed
Sat Sep 10 18:37:06 CEST 2011: Closed log /Users/namxam/packages/neo4j-community-1.4.1.test/data/graph.db/index/lucene.log
Sat Sep 10 18:37:06 CEST 2011: NeoStore closed
Sat Sep 10 18:37:06 CEST 2011: TM shutting down
Thu Oct 20 19:31:26 CEST 2011: Opened [/Users/namxam/src/architect4r/neo4j_server/data/graph.db/nioneo_logical.log.1] clean empty log, version=1
Thu Oct 20 19:31:26 CEST 2011: Opened [/Users/namxam/src/architect4r/neo4j_server/data/graph.db/index/lucene.log.1] clean empty log, version=1
Thu Oct 20 19:31:26 CEST 2011: TM opening log: /Users/namxam/src/architect4r/neo4j_server/data/graph.db/tm_tx_log.1
Thu Oct 20 19:31:27 CEST 2011: --- CONFIGURATION START ---
Thu Oct 20 19:31:27 CEST 2011: Physical mem: 8192MB, Heap size: 1763MB
Thu Oct 20 19:31:27 CEST 2011: Kernel version: Neo4j - Graph Database Kernel 1.4.1
Thu Oct 20 19:31:27 CEST 2011: Neo4j - Graph Database Kernel 1.4.1
Thu Oct 20 19:31:27 CEST 2011: Operating System: Mac OS X; version: 10.7.2; arch: x86_64; cpus: 2
Thu Oct 20 19:31:27 CEST 2011: VM Name: Java HotSpot(TM) 64-Bit Server VM
Thu Oct 20 19:31:27 CEST 2011: VM Vendor: Apple Inc.
Thu Oct 20 19:31:27 CEST 2011: VM Version: 20.1-b02-383
Thu Oct 20 19:31:27 CEST 2011: Boot Class Path: /System/Library/Java/JavaVirtualMachines/1.6.0.jdk/Contents/Classes/jsfd.jar:/System/Library/Java/JavaVirtualMachines/1.6.0.jdk/Contents/Classes/classes.jar:/System/Library/Frameworks/JavaVM.framework/Frameworks/JavaRuntimeSupport.framework/Resources/Java/JavaRuntimeSupport.jar:/System/Library/Java/JavaVirtualMachines/1.6.0.jdk/Contents/Classes/ui.jar:/System/Library/Java/JavaVirtualMachines/1.6.0.jdk/Contents/Classes/laf.jar:/System/Library/Java/JavaVirtualMachines/1.6.0.jdk/Contents/Classes/sunrsasign.jar:/System/Library/Java/JavaVirtualMachines/1.6.0.jdk/Contents/Classes/jsse.jar:/System/Library/Java/JavaVirtualMachines/1.6.0.jdk/Contents/Classes/jce.jar:/System/Library/Java/JavaVirtualMachines/1.6.0.jdk/Contents/Classes/charsets.jar
Thu Oct 20 19:31:27 CEST 2011: Class Path: /Users/namxam/src/architect4r/neo4j_server/lib/geronimo-jta_1.1_spec-1.1.1.jar:/Users/namxam/src/architect4r/neo4j_server/lib/lucene-core-3.1.0.jar:/Users/namxam/src/architect4r/neo4j_server/lib/neo4j-community-1.4.1.jar:/Users/namxam/src/architect4r/neo4j_server/lib/neo4j-cypher-1.4.1.jar:/Users/namxam/src/architect4r/neo4j_server/lib/neo4j-graph-algo-1.4.1.jar:/Users/namxam/src/architect4r/neo4j_server/lib/neo4j-graph-matching-1.4.1.jar:/Users/namxam/src/architect4r/neo4j_server/lib/neo4j-jmx-1.4.1.jar:/Users/namxam/src/architect4r/neo4j_server/lib/neo4j-kernel-1.4.1-tests.jar:/Users/namxam/src/architect4r/neo4j_server/lib/neo4j-kernel-1.4.1.jar:/Users/namxam/src/architect4r/neo4j_server/lib/neo4j-lucene-index-1.4.1.jar:/Users/namxam/src/architect4r/neo4j_server/lib/neo4j-shell-1.4.1.jar:/Users/namxam/src/architect4r/neo4j_server/lib/neo4j-udc-1.4.1.jar:/Users/namxam/src/architect4r/neo4j_server/lib/org.apache.servicemix.bundles.jline-0.9.94_1.jar:/Users/namxam/src/architect4r/neo4j_server/lib/scala-library-2.9.0-1.jar:/Users/namxam/src/architect4r/neo4j_server/lib/server-api-1.4.1.jar:/Users/namxam/src/architect4r/neo4j_server/system/lib/antlr-2.7.7.jar:/Users/namxam/src/architect4r/neo4j_server/system/lib/asm-3.1.jar:/Users/namxam/src/architect4r/neo4j_server/system/lib/asm-analysis-3.2.jar:/Users/namxam/src/architect4r/neo4j_server/system/lib/asm-commons-3.2.jar:/Users/namxam/src/architect4r/neo4j_server/system/lib/asm-tree-3.2.jar:/Users/namxam/src/architect4r/neo4j_server/system/lib/asm-util-3.2.jar:/Users/namxam/src/architect4r/neo4j_server/system/lib/blueprints-core-0.8.jar:/Users/namxam/src/architect4r/neo4j_server/system/lib/blueprints-neo4j-graph-0.8.jar:/Users/namxam/src/architect4r/neo4j_server/system/lib/commons-beanutils-1.8.0.jar:/Users/namxam/src/architect4r/neo4j_server/system/lib/commons-beanutils-core-1.8.0.jar:/Users/namxam/src/architect4r/neo4j_server/system/lib/commons-collections-3.2.1.jar:/Users/namxam/src/architect4r/neo4j_server/system/lib/commons-configuration-1.6.jar:/Users/namxam/src/architect4r/neo4j_server/system/lib/commons-digester-1.8.1.jar:/Users/namxam/src/architect4r/neo4j_server/system/lib/commons-io-1.4.jar:/Users/namxam/src/architect4r/neo4j_server/system/lib/commons-lang-2.4.jar:/Users/namxam/src/architect4r/neo4j_server/system/lib/commons-logging-1.1.1.jar:/Users/namxam/src/architect4r/neo4j_server/system/lib/de.huxhorn.lilith.3rdparty.rrd4j-2.0.5.jar:/Users/namxam/src/architect4r/neo4j_server/system/lib/gremlin-1.1.jar:/Users/namxam/src/architect4r/neo4j_server/system/lib/groovy-1.7.8.jar:/Users/namxam/src/architect4r/neo4j_server/system/lib/jackson-core-asl-1.6.1.jar:/Users/namxam/src/architect4r/neo4j_server/system/lib/jackson-jaxrs-1.6.1.jar:/Users/namxam/src/architect4r/neo4j_server/system/lib/jackson-mapper-asl-1.6.1.jar:/Users/namxam/src/architect4r/neo4j_server/system/lib/jansi-1.5.jar:/Users/namxam/src/architect4r/neo4j_server/system/lib/jcl-over-slf4j-1.6.1.jar:/Users/namxam/src/architect4r/neo4j_server/system/lib/jersey-client-1.4.jar:/Users/namxam/src/architect4r/neo4j_server/system/lib/jersey-core-1.3.jar:/Users/namxam/src/architect4r/neo4j_server/system/lib/jersey-multipart-1.3.jar:/Users/namxam/src/architect4r/neo4j_server/system/lib/jersey-server-1.3.jar:/Users/namxam/src/architect4r/neo4j_server/system/lib/jettison-1.3.jar:/Users/namxam/src/architect4r/neo4j_server/system/lib/jetty-6.1.25.jar:/Users/namxam/src/architect4r/neo4j_server/system/lib/jetty-util-6.1.25.jar:/Users/namxam/src/architect4r/neo4j_server/system/lib/jsr311-api-1.1.1.jar:/Users/namxam/src/architect4r/neo4j_server/system/lib/log4j-over-slf4j-1.6.1.jar:/Users/namxam/src/architect4r/neo4j_server/system/lib/mimepull-1.4.jar:/Users/namxam/src/architect4r/neo4j_server/system/lib/neo4j-cypher-plugin-1.4.1.jar:/Users/namxam/src/architect4r/neo4j_server/system/lib/neo4j-gremlin-plugin-1.4.1.jar:/Users/namxam/src/architect4r/neo4j_server/system/lib/neo4j-server-1.4.1-static-web.jar:/Users/namxam/src/architect4r/neo4j_server/system/lib/neo4j-server-1.4.1.jar:/Users/namxam/src/architect4r/neo4j_server/system/lib/org.apache.felix.fileinstall-3.0.2.jar:/Users/namxam/src/architect4r/neo4j_server/system/lib/org.apache.felix.framework-3.0.2.jar:/Users/namxam/src/architect4r/neo4j_server/system/lib/org.apache.felix.main-3.0.2.jar:/Users/namxam/src/architect4r/neo4j_server/system/lib/org.osgi.compendium-4.1.0.jar:/Users/namxam/src/architect4r/neo4j_server/system/lib/org.osgi.core-4.1.0.jar:/Users/namxam/src/architect4r/neo4j_server/system/lib/pipes-0.6.jar:/Users/namxam/src/architect4r/neo4j_server/system/lib/servlet-api-2.5-20081211.jar:/Users/namxam/src/architect4r/neo4j_server/system/lib/slf4j-api-1.6.1.jar:/Users/namxam/src/architect4r/neo4j_server/system/lib/slf4j-jdk14-1.6.1.jar:/Users/namxam/src/architect4r/neo4j_server/system/lib/stax-api-1.0.1.jar
Thu Oct 20 19:31:27 CEST 2011: Library Path: /usr/local/mysql/lib::.:/Library/Java/Extensions:/System/Library/Java/Extensions:/usr/lib/java
Thu Oct 20 19:31:27 CEST 2011: Garbage Collector: PS Scavenge: [PS Eden Space, PS Survivor Space]
Thu Oct 20 19:31:27 CEST 2011: Garbage Collector: PS MarkSweep: [PS Eden Space, PS Survivor Space, PS Old Gen, PS Perm Gen]
Thu Oct 20 19:31:27 CEST 2011: VM Arguments: [-Xserver, -Dorg.neo4j.server.properties=conf/neo4j-server.properties, -Djava.util.logging.config.file=conf/logging.properties, -Dlog4j.configuration=file:conf/log4j.properties, -Dorg.neo4j.server.properties=/Users/namxam/src/architect4r/neo4j_server/conf/neo4j-server.properties, -Djava.util.logging.config.file=/Users/namxam/src/architect4r/neo4j_server/conf/logging.properties, -Dneo4j.home=/Users/namxam/src/architect4r/neo4j_server, -Dneo4j.instance=/Users/namxam/src/architect4r/neo4j_server]
Thu Oct 20 19:31:27 CEST 2011: 
Thu Oct 20 19:31:27 CEST 2011: create=true
Thu Oct 20 19:31:27 CEST 2011: enable_remote_shell=true
Thu Oct 20 19:31:27 CEST 2011: keep_logical_logs=true
Thu Oct 20 19:31:27 CEST 2011: logical_log=/Users/namxam/src/architect4r/neo4j_server/data/graph.db/nioneo_logical.log
Thu Oct 20 19:31:27 CEST 2011: neo4j.ext.udc.source=server
Thu Oct 20 19:31:27 CEST 2011: neo_store=/Users/namxam/src/architect4r/neo4j_server/data/graph.db/neostore
Thu Oct 20 19:31:27 CEST 2011: neostore.nodestore.db.mapped_memory=25M
Thu Oct 20 19:31:27 CEST 2011: neostore.propertystore.db.arrays.mapped_memory=130M
Thu Oct 20 19:31:27 CEST 2011: neostore.propertystore.db.index.keys.mapped_memory=1M
Thu Oct 20 19:31:27 CEST 2011: neostore.propertystore.db.index.mapped_memory=1M
Thu Oct 20 19:31:27 CEST 2011: neostore.propertystore.db.mapped_memory=90M
Thu Oct 20 19:31:27 CEST 2011: neostore.propertystore.db.strings.mapped_memory=130M
Thu Oct 20 19:31:27 CEST 2011: neostore.relationshipstore.db.mapped_memory=50M
Thu Oct 20 19:31:27 CEST 2011: node_auto_indexing=false
Thu Oct 20 19:31:27 CEST 2011: rebuild_idgenerators_fast=true
Thu Oct 20 19:31:27 CEST 2011: relationship_auto_indexing=false
Thu Oct 20 19:31:27 CEST 2011: store_dir=/Users/namxam/src/architect4r/neo4j_server/data/graph.db
Thu Oct 20 19:31:27 CEST 2011: use_memory_mapped_buffers=true
Thu Oct 20 19:31:27 CEST 2011: --- CONFIGURATION END ---
Thu Oct 20 19:31:27 CEST 2011: Extension org.neo4j.kernel.KernelExtension[kernel jmx] loaded ok
Thu Oct 20 19:31:27 CEST 2011: Extension org.neo4j.kernel.KernelExtension[dummy] loaded ok
Thu Oct 20 19:31:27 CEST 2011: Extension org.neo4j.kernel.KernelExtension[other dummy] loaded ok
Thu Oct 20 19:31:27 CEST 2011: Extension org.neo4j.kernel.KernelExtension[shell] loaded ok
Thu Oct 20 19:31:27 CEST 2011: Extension org.neo4j.kernel.KernelExtension[kernel udc] loaded ok
Thu Oct 20 19:34:05 CEST 2011: Closed log /Users/namxam/src/architect4r/neo4j_server/data/graph.db/nioneo_logical.log
Thu Oct 20 19:34:05 CEST 2011: NeoStore closed
Thu Oct 20 19:34:05 CEST 2011: Closed log /Users/namxam/src/architect4r/neo4j_server/data/graph.db/index/lucene.log
Thu Oct 20 19:34:05 CEST 2011: NeoStore closed
Thu Oct 20 19:34:05 CEST 2011: TM shutting down
Thu Oct 20 19:34:56 CEST 2011: Opened [/Users/namxam/src/architect4r/neo4j_server/data/graph.db/nioneo_logical.log.1] clean empty log, version=2
Thu Oct 20 19:34:56 CEST 2011: Opened [/Users/namxam/src/architect4r/neo4j_server/data/graph.db/index/lucene.log.1] clean empty log, version=2
Thu Oct 20 19:34:56 CEST 2011: TM opening log: /Users/namxam/src/architect4r/neo4j_server/data/graph.db/tm_tx_log.1
Thu Oct 20 19:34:56 CEST 2011: --- CONFIGURATION START ---
Thu Oct 20 19:34:56 CEST 2011: Physical mem: 8192MB, Heap size: 1763MB
Thu Oct 20 19:34:56 CEST 2011: Kernel version: Neo4j - Graph Database Kernel 1.4.1
Thu Oct 20 19:34:56 CEST 2011: Neo4j - Graph Database Kernel 1.4.1
Thu Oct 20 19:34:56 CEST 2011: Operating System: Mac OS X; version: 10.7.2; arch: x86_64; cpus: 2
Thu Oct 20 19:34:56 CEST 2011: VM Name: Java HotSpot(TM) 64-Bit Server VM
Thu Oct 20 19:34:56 CEST 2011: VM Vendor: Apple Inc.
Thu Oct 20 19:34:56 CEST 2011: VM Version: 20.1-b02-383
Thu Oct 20 19:34:56 CEST 2011: Boot Class Path: /System/Library/Java/JavaVirtualMachines/1.6.0.jdk/Contents/Classes/jsfd.jar:/System/Library/Java/JavaVirtualMachines/1.6.0.jdk/Contents/Classes/classes.jar:/System/Library/Frameworks/JavaVM.framework/Frameworks/JavaRuntimeSupport.framework/Resources/Java/JavaRuntimeSupport.jar:/System/Library/Java/JavaVirtualMachines/1.6.0.jdk/Contents/Classes/ui.jar:/System/Library/Java/JavaVirtualMachines/1.6.0.jdk/Contents/Classes/laf.jar:/System/Library/Java/JavaVirtualMachines/1.6.0.jdk/Contents/Classes/sunrsasign.jar:/System/Library/Java/JavaVirtualMachines/1.6.0.jdk/Contents/Classes/jsse.jar:/System/Library/Java/JavaVirtualMachines/1.6.0.jdk/Contents/Classes/jce.jar:/System/Library/Java/JavaVirtualMachines/1.6.0.jdk/Contents/Classes/charsets.jar
Thu Oct 20 19:34:56 CEST 2011: Class Path: /Users/namxam/src/architect4r/neo4j_server/lib/geronimo-jta_1.1_spec-1.1.1.jar:/Users/namxam/src/architect4r/neo4j_server/lib/lucene-core-3.1.0.jar:/Users/namxam/src/architect4r/neo4j_server/lib/neo4j-community-1.4.1.jar:/Users/namxam/src/architect4r/neo4j_server/lib/neo4j-cypher-1.4.1.jar:/Users/namxam/src/architect4r/neo4j_server/lib/neo4j-graph-algo-1.4.1.jar:/Users/namxam/src/architect4r/neo4j_server/lib/neo4j-graph-matching-1.4.1.jar:/Users/namxam/src/architect4r/neo4j_server/lib/neo4j-jmx-1.4.1.jar:/Users/namxam/src/architect4r/neo4j_server/lib/neo4j-kernel-1.4.1-tests.jar:/Users/namxam/src/architect4r/neo4j_server/lib/neo4j-kernel-1.4.1.jar:/Users/namxam/src/architect4r/neo4j_server/lib/neo4j-lucene-index-1.4.1.jar:/Users/namxam/src/architect4r/neo4j_server/lib/neo4j-shell-1.4.1.jar:/Users/namxam/src/architect4r/neo4j_server/lib/neo4j-udc-1.4.1.jar:/Users/namxam/src/architect4r/neo4j_server/lib/org.apache.servicemix.bundles.jline-0.9.94_1.jar:/Users/namxam/src/architect4r/neo4j_server/lib/scala-library-2.9.0-1.jar:/Users/namxam/src/architect4r/neo4j_server/lib/server-api-1.4.1.jar:/Users/namxam/src/architect4r/neo4j_server/system/lib/antlr-2.7.7.jar:/Users/namxam/src/architect4r/neo4j_server/system/lib/asm-3.1.jar:/Users/namxam/src/architect4r/neo4j_server/system/lib/asm-analysis-3.2.jar:/Users/namxam/src/architect4r/neo4j_server/system/lib/asm-commons-3.2.jar:/Users/namxam/src/architect4r/neo4j_server/system/lib/asm-tree-3.2.jar:/Users/namxam/src/architect4r/neo4j_server/system/lib/asm-util-3.2.jar:/Users/namxam/src/architect4r/neo4j_server/system/lib/blueprints-core-0.8.jar:/Users/namxam/src/architect4r/neo4j_server/system/lib/blueprints-neo4j-graph-0.8.jar:/Users/namxam/src/architect4r/neo4j_server/system/lib/commons-beanutils-1.8.0.jar:/Users/namxam/src/architect4r/neo4j_server/system/lib/commons-beanutils-core-1.8.0.jar:/Users/namxam/src/architect4r/neo4j_server/system/lib/commons-collections-3.2.1.jar:/Users/namxam/src/architect4r/neo4j_server/system/lib/commons-configuration-1.6.jar:/Users/namxam/src/architect4r/neo4j_server/system/lib/commons-digester-1.8.1.jar:/Users/namxam/src/architect4r/neo4j_server/system/lib/commons-io-1.4.jar:/Users/namxam/src/architect4r/neo4j_server/system/lib/commons-lang-2.4.jar:/Users/namxam/src/architect4r/neo4j_server/system/lib/commons-logging-1.1.1.jar:/Users/namxam/src/architect4r/neo4j_server/system/lib/de.huxhorn.lilith.3rdparty.rrd4j-2.0.5.jar:/Users/namxam/src/architect4r/neo4j_server/system/lib/gremlin-1.1.jar:/Users/namxam/src/architect4r/neo4j_server/system/lib/groovy-1.7.8.jar:/Users/namxam/src/architect4r/neo4j_server/system/lib/jackson-core-asl-1.6.1.jar:/Users/namxam/src/architect4r/neo4j_server/system/lib/jackson-jaxrs-1.6.1.jar:/Users/namxam/src/architect4r/neo4j_server/system/lib/jackson-mapper-asl-1.6.1.jar:/Users/namxam/src/architect4r/neo4j_server/system/lib/jansi-1.5.jar:/Users/namxam/src/architect4r/neo4j_server/system/lib/jcl-over-slf4j-1.6.1.jar:/Users/namxam/src/architect4r/neo4j_server/system/lib/jersey-client-1.4.jar:/Users/namxam/src/architect4r/neo4j_server/system/lib/jersey-core-1.3.jar:/Users/namxam/src/architect4r/neo4j_server/system/lib/jersey-multipart-1.3.jar:/Users/namxam/src/architect4r/neo4j_server/system/lib/jersey-server-1.3.jar:/Users/namxam/src/architect4r/neo4j_server/system/lib/jettison-1.3.jar:/Users/namxam/src/architect4r/neo4j_server/system/lib/jetty-6.1.25.jar:/Users/namxam/src/architect4r/neo4j_server/system/lib/jetty-util-6.1.25.jar:/Users/namxam/src/architect4r/neo4j_server/system/lib/jsr311-api-1.1.1.jar:/Users/namxam/src/architect4r/neo4j_server/system/lib/log4j-over-slf4j-1.6.1.jar:/Users/namxam/src/architect4r/neo4j_server/system/lib/mimepull-1.4.jar:/Users/namxam/src/architect4r/neo4j_server/system/lib/neo4j-cypher-plugin-1.4.1.jar:/Users/namxam/src/architect4r/neo4j_server/system/lib/neo4j-gremlin-plugin-1.4.1.jar:/Users/namxam/src/architect4r/neo4j_server/system/lib/neo4j-server-1.4.1-static-web.jar:/Users/namxam/src/architect4r/neo4j_server/system/lib/neo4j-server-1.4.1.jar:/Users/namxam/src/architect4r/neo4j_server/system/lib/org.apache.felix.fileinstall-3.0.2.jar:/Users/namxam/src/architect4r/neo4j_server/system/lib/org.apache.felix.framework-3.0.2.jar:/Users/namxam/src/architect4r/neo4j_server/system/lib/org.apache.felix.main-3.0.2.jar:/Users/namxam/src/architect4r/neo4j_server/system/lib/org.osgi.compendium-4.1.0.jar:/Users/namxam/src/architect4r/neo4j_server/system/lib/org.osgi.core-4.1.0.jar:/Users/namxam/src/architect4r/neo4j_server/system/lib/pipes-0.6.jar:/Users/namxam/src/architect4r/neo4j_server/system/lib/servlet-api-2.5-20081211.jar:/Users/namxam/src/architect4r/neo4j_server/system/lib/slf4j-api-1.6.1.jar:/Users/namxam/src/architect4r/neo4j_server/system/lib/slf4j-jdk14-1.6.1.jar:/Users/namxam/src/architect4r/neo4j_server/system/lib/stax-api-1.0.1.jar
Thu Oct 20 19:34:56 CEST 2011: Library Path: /usr/local/mysql/lib::.:/Library/Java/Extensions:/System/Library/Java/Extensions:/usr/lib/java
Thu Oct 20 19:34:56 CEST 2011: Garbage Collector: PS Scavenge: [PS Eden Space, PS Survivor Space]
Thu Oct 20 19:34:56 CEST 2011: Garbage Collector: PS MarkSweep: [PS Eden Space, PS Survivor Space, PS Old Gen, PS Perm Gen]
Thu Oct 20 19:34:56 CEST 2011: VM Arguments: [-Xserver, -Dorg.neo4j.server.properties=conf/neo4j-server.properties, -Djava.util.logging.config.file=conf/logging.properties, -Dlog4j.configuration=file:conf/log4j.properties, -Dorg.neo4j.server.properties=/Users/namxam/src/architect4r/neo4j_server/conf/neo4j-server.properties, -Djava.util.logging.config.file=/Users/namxam/src/architect4r/neo4j_server/conf/logging.properties, -Dneo4j.home=/Users/namxam/src/architect4r/neo4j_server, -Dneo4j.instance=/Users/namxam/src/architect4r/neo4j_server]
Thu Oct 20 19:34:56 CEST 2011: 
Thu Oct 20 19:34:56 CEST 2011: create=true
Thu Oct 20 19:34:56 CEST 2011: enable_remote_shell=true
Thu Oct 20 19:34:56 CEST 2011: keep_logical_logs=true
Thu Oct 20 19:34:56 CEST 2011: logical_log=/Users/namxam/src/architect4r/neo4j_server/data/graph.db/nioneo_logical.log
Thu Oct 20 19:34:56 CEST 2011: neo4j.ext.udc.source=server
Thu Oct 20 19:34:56 CEST 2011: neo_store=/Users/namxam/src/architect4r/neo4j_server/data/graph.db/neostore
Thu Oct 20 19:34:56 CEST 2011: neostore.nodestore.db.mapped_memory=25M
Thu Oct 20 19:34:56 CEST 2011: neostore.propertystore.db.arrays.mapped_memory=130M
Thu Oct 20 19:34:56 CEST 2011: neostore.propertystore.db.index.keys.mapped_memory=1M
Thu Oct 20 19:34:56 CEST 2011: neostore.propertystore.db.index.mapped_memory=1M
Thu Oct 20 19:34:56 CEST 2011: neostore.propertystore.db.mapped_memory=90M
Thu Oct 20 19:34:56 CEST 2011: neostore.propertystore.db.strings.mapped_memory=130M
Thu Oct 20 19:34:56 CEST 2011: neostore.relationshipstore.db.mapped_memory=50M
Thu Oct 20 19:34:56 CEST 2011: node_auto_indexing=false
Thu Oct 20 19:34:56 CEST 2011: rebuild_idgenerators_fast=true
Thu Oct 20 19:34:56 CEST 2011: relationship_auto_indexing=false
Thu Oct 20 19:34:56 CEST 2011: store_dir=/Users/namxam/src/architect4r/neo4j_server/data/graph.db
Thu Oct 20 19:34:56 CEST 2011: use_memory_mapped_buffers=true
Thu Oct 20 19:34:56 CEST 2011: --- CONFIGURATION END ---
Thu Oct 20 19:34:57 CEST 2011: Extension org.neo4j.kernel.KernelExtension[kernel jmx] loaded ok
Thu Oct 20 19:34:57 CEST 2011: Extension org.neo4j.kernel.KernelExtension[dummy] loaded ok
Thu Oct 20 19:34:57 CEST 2011: Extension org.neo4j.kernel.KernelExtension[other dummy] loaded ok
Thu Oct 20 19:34:57 CEST 2011: Extension org.neo4j.kernel.KernelExtension[shell] loaded ok
Thu Oct 20 19:34:57 CEST 2011: Extension org.neo4j.kernel.KernelExtension[kernel udc] loaded ok
Thu Oct 20 19:35:46 CEST 2011: Closed log /Users/namxam/src/architect4r/neo4j_server/data/graph.db/nioneo_logical.log
Thu Oct 20 19:35:46 CEST 2011: NeoStore closed
Thu Oct 20 19:35:46 CEST 2011: Closed log /Users/namxam/src/architect4r/neo4j_server/data/graph.db/index/lucene.log
Thu Oct 20 19:35:46 CEST 2011: NeoStore closed
Thu Oct 20 19:35:46 CEST 2011: TM shutting down
